[debug] [2020-09-17T01:47:19.203Z] ----------------------------------------------------------------------
[debug] [2020-09-17T01:47:19.205Z] Command:       C:\Program Files\nodejs\node.exe C:\Users\gtech\AppData\Roaming\npm\node_modules\firebase-tools\lib\bin\firebase.js emulators:start
[debug] [2020-09-17T01:47:19.206Z] CLI Version:   8.10.0
[debug] [2020-09-17T01:47:19.206Z] Platform:      win32
[debug] [2020-09-17T01:47:19.206Z] Node Version:  v12.13.1
[debug] [2020-09-17T01:47:19.580Z] Time:          Wed Sep 16 2020 21:47:19 GMT-0400 (Eastern Daylight Time)
[debug] [2020-09-17T01:47:19.581Z] ----------------------------------------------------------------------
[debug] [2020-09-17T01:47:19.581Z] 
[debug] [2020-09-17T01:47:19.728Z] > command requires scopes: ["email","openid","https://www.googleapis.com/auth/cloudplatformprojects.readonly","https://www.googleapis.com/auth/firebase","https://www.googleapis.com/auth/cloud-platform"]
[debug] [2020-09-17T01:47:19.729Z] > authorizing via signed-in user
[info] i  emulators: Starting emulators: functions, hosting {"metadata":{"emulator":{"name":"hub"},"message":"Starting emulators: functions, hosting"}}
[warn] !  emulators: It seems that you are running multiple instances of the emulator suite for project e-commerce-5fa7c. This may result in unexpected behavior. 
[debug] [2020-09-17T01:47:21.914Z] [hub] writing locator at C:\Users\gtech\AppData\Local\Temp\hub-e-commerce-5fa7c.json
[warn] !  functions: The following emulators are not running, calls to these services from the Functions emulator will affect production: firestore, database, pubsub {"metadata":{"emulator":{"name":"functions"},"message":"The following emulators are not running, calls to these services from the Functions emulator will affect production: \u001b[1mfirestore, database, pubsub\u001b[22m"}}
[warn] !  Your requested "node" version "10" doesn't match your global version "12" {"metadata":{"emulator":{"name":"functions"},"message":"Your requested \"node\" version \"10\" doesn't match your global version \"12\""}}
[debug] [2020-09-17T01:47:25.680Z] defaultcredentials: writing to file C:\Users\gtech\AppData\Roaming\firebase\vir80_ca_gmail.com_application_default_credentials.json
[debug] [2020-09-17T01:47:25.682Z] Setting GAC to C:\Users\gtech\AppData\Roaming\firebase\vir80_ca_gmail.com_application_default_credentials.json {"metadata":{"emulator":{"name":"functions"},"message":"Setting GAC to C:\\Users\\gtech\\AppData\\Roaming\\firebase\\vir80_ca_gmail.com_application_default_credentials.json"}}
[debug] [2020-09-17T01:47:27.693Z] > refreshing access token with scopes: ["email","https://www.googleapis.com/auth/cloud-platform","https://www.googleapis.com/auth/cloudplatformprojects.readonly","https://www.googleapis.com/auth/firebase","openid"]
[debug] [2020-09-17T01:47:27.693Z] >>> HTTP REQUEST POST https://www.googleapis.com/oauth2/v3/token  
 <request body omitted>
[debug] [2020-09-17T01:47:27.996Z] <<< HTTP RESPONSE 200 {"content-type":"application/json; charset=utf-8","vary":"X-Origin, Referer, Origin,Accept-Encoding","date":"Thu, 17 Sep 2020 01:47:27 GMT","server":"scaffolding on HTTPServer2","cache-control":"private","x-xss-protection":"0","x-frame-options":"SAMEORIGIN","x-content-type-options":"nosniff","alt-svc":"h3-29=\":443\"; ma=2592000,h3-27=\":443\"; ma=2592000,h3-T051=\":443\"; ma=2592000,h3-T050=\":443\"; ma=2592000,h3-Q050=\":443\"; ma=2592000,h3-Q046=\":443\"; ma=2592000,h3-Q043=\":443\"; ma=2592000,quic=\":443\"; ma=2592000; v=\"46,43\"","accept-ranges":"none","transfer-encoding":"chunked"}
[debug] [2020-09-17T01:47:28.083Z] >>> HTTP REQUEST GET https://firebase.googleapis.com/v1beta1/projects/e-commerce-5fa7c/webApps/-/config  
 
[debug] [2020-09-17T01:47:28.794Z] <<< HTTP RESPONSE 200 {"content-type":"application/json; charset=UTF-8","vary":"X-Origin, Referer, Origin,Accept-Encoding","date":"Thu, 17 Sep 2020 01:47:27 GMT","server":"ESF","cache-control":"private","x-xss-protection":"0","x-frame-options":"SAMEORIGIN","x-content-type-options":"nosniff","alt-svc":"h3-29=\":443\"; ma=2592000,h3-27=\":443\"; ma=2592000,h3-T051=\":443\"; ma=2592000,h3-T050=\":443\"; ma=2592000,h3-Q050=\":443\"; ma=2592000,h3-Q046=\":443\"; ma=2592000,h3-Q043=\":443\"; ma=2592000,quic=\":443\"; ma=2592000; v=\"46,43\"","accept-ranges":"none","transfer-encoding":"chunked"}
[info] i  hosting: Serving hosting files from: build {"metadata":{"emulator":{"name":"hosting"},"message":"Serving hosting files from: \u001b[1mbuild\u001b[22m"}}
[info] +  hosting: Local server: http://localhost:5000 {"metadata":{"emulator":{"name":"hosting"},"message":"Local server: \u001b[4m\u001b[1mhttp://localhost:5000\u001b[22m\u001b[24m"}}
[warn] !  ui: Emulator UI unable to start on port 4000, starting on 4001 instead. {"metadata":{"emulator":{"name":"ui"},"message":"Emulator UI unable to start on port 4000, starting on 4001 instead."}}
[debug] [2020-09-17T01:47:31.594Z] Ignoring unsupported arg: auto_download {"metadata":{"emulator":{"name":"ui"},"message":"Ignoring unsupported arg: auto_download"}}
[debug] [2020-09-17T01:47:31.594Z] Ignoring unsupported arg: port {"metadata":{"emulator":{"name":"ui"},"message":"Ignoring unsupported arg: port"}}
[debug] [2020-09-17T01:47:31.594Z] Starting Emulator UI with command {"binary":"node","args":["C:\\Users\\gtech\\.cache\\firebase\\emulators\\ui-v1.1.1\\server.bundle.js"],"optionalArgs":[],"joinArgs":false} {"metadata":{"emulator":{"name":"ui"},"message":"Starting Emulator UI with command {\"binary\":\"node\",\"args\":[\"C:\\\\Users\\\\gtech\\\\.cache\\\\firebase\\\\emulators\\\\ui-v1.1.1\\\\server.bundle.js\"],\"optionalArgs\":[],\"joinArgs\":false}"}}
[info] i  ui: Emulator UI logging to ui-debug.log {"metadata":{"emulator":{"name":"ui"},"message":"Emulator UI logging to \u001b[1mui-debug.log\u001b[22m"}}
[debug] [2020-09-17T01:47:32.129Z] Web / API server started at http://localhost:4001
 {"metadata":{"emulator":{"name":"ui"},"message":"Web / API server started at http://localhost:4001\n"}}
[info] i  functions: Watching "C:\Users\gtech\desktop\e-commerce\e-commerce\functions" for Cloud Functions... {"metadata":{"emulator":{"name":"functions"},"message":"Watching \"C:\\Users\\gtech\\desktop\\e-commerce\\e-commerce\\functions\" for Cloud Functions..."}}
[debug] [2020-09-17T01:47:32.504Z] [worker-pool] addWorker(~diagnostic~) {"metadata":{"emulator":{"name":"functions"},"message":"[worker-pool] addWorker(~diagnostic~)"}}
[debug] [2020-09-17T01:47:32.504Z] [worker-pool] Adding worker with key ~diagnostic~, total=1 {"metadata":{"emulator":{"name":"functions"},"message":"[worker-pool] Adding worker with key ~diagnostic~, total=1"}}
[debug] [2020-09-17T01:47:32.504Z] [worker-pool] submitWork(triggerId=) {"metadata":{"emulator":{"name":"functions"},"message":"[worker-pool] submitWork(triggerId=)"}}
[debug] [2020-09-17T01:47:32.505Z] [worker-~diagnostic~-123df371-833f-43c5-96aa-df9790085c97]: Assigning socketPath: \\?\pipe\C:\Users\gtech\desktop\e-commerce\e-commerce\functions\3052 {"metadata":{"emulator":{"name":"functions"},"message":"[worker-~diagnostic~-123df371-833f-43c5-96aa-df9790085c97]: Assigning socketPath: \\\\?\\pipe\\C:\\Users\\gtech\\desktop\\e-commerce\\e-commerce\\functions\\3052"}}
[debug] [2020-09-17T01:47:32.505Z] [worker-~diagnostic~-123df371-833f-43c5-96aa-df9790085c97]: BUSY {"metadata":{"emulator":{"name":"functions"},"message":"[worker-~diagnostic~-123df371-833f-43c5-96aa-df9790085c97]: BUSY"}}
[debug] [2020-09-17T01:47:32.920Z] [runtime-status] [3052] Functions runtime initialized. {"cwd":"C:\\Users\\gtech\\desktop\\e-commerce\\e-commerce\\functions","node_version":"12.13.1"} {"metadata":{"emulator":{"name":"functions"},"message":"[runtime-status] [3052] Functions runtime initialized. {\"cwd\":\"C:\\\\Users\\\\gtech\\\\desktop\\\\e-commerce\\\\e-commerce\\\\functions\",\"node_version\":\"12.13.1\"}"}}
[debug] [2020-09-17T01:47:32.921Z] [runtime-status] [3052] Disabled runtime features: undefined {"metadata":{"emulator":{"name":"functions"},"message":"[runtime-status] [3052] Disabled runtime features: undefined"}}
[debug] [2020-09-17T01:47:33.519Z] [runtime-status] [3052] Resolved module firebase-admin {"declared":true,"installed":true,"version":"8.13.0","resolution":"C:\\Users\\gtech\\desktop\\e-commerce\\e-commerce\\functions\\node_modules\\firebase-admin\\lib\\index.js"} {"metadata":{"emulator":{"name":"functions"},"message":"[runtime-status] [3052] Resolved module firebase-admin {\"declared\":true,\"installed\":true,\"version\":\"8.13.0\",\"resolution\":\"C:\\\\Users\\\\gtech\\\\desktop\\\\e-commerce\\\\e-commerce\\\\functions\\\\node_modules\\\\firebase-admin\\\\lib\\\\index.js\"}"}}
[debug] [2020-09-17T01:47:33.918Z] [runtime-status] [3052] Resolved module firebase-functions {"declared":true,"installed":true,"version":"3.11.0","resolution":"C:\\Users\\gtech\\desktop\\e-commerce\\e-commerce\\functions\\node_modules\\firebase-functions\\lib\\index.js"} {"metadata":{"emulator":{"name":"functions"},"message":"[runtime-status] [3052] Resolved module firebase-functions {\"declared\":true,\"installed\":true,\"version\":\"3.11.0\",\"resolution\":\"C:\\\\Users\\\\gtech\\\\desktop\\\\e-commerce\\\\e-commerce\\\\functions\\\\node_modules\\\\firebase-functions\\\\lib\\\\index.js\"}"}}
[debug] [2020-09-17T01:47:33.918Z] [runtime-status] [3052] Resolved module firebase-functions {"declared":true,"installed":true,"version":"3.11.0","resolution":"C:\\Users\\gtech\\desktop\\e-commerce\\e-commerce\\functions\\node_modules\\firebase-functions\\lib\\index.js"} {"metadata":{"emulator":{"name":"functions"},"message":"[runtime-status] [3052] Resolved module firebase-functions {\"declared\":true,\"installed\":true,\"version\":\"3.11.0\",\"resolution\":\"C:\\\\Users\\\\gtech\\\\desktop\\\\e-commerce\\\\e-commerce\\\\functions\\\\node_modules\\\\firebase-functions\\\\lib\\\\index.js\"}"}}
[debug] [2020-09-17T01:47:33.920Z] [runtime-status] [3052] Outgoing network have been stubbed. [{"name":"http","status":"mocked"},{"name":"http","status":"mocked"},{"name":"https","status":"mocked"},{"name":"https","status":"mocked"},{"name":"net","status":"mocked"}] {"metadata":{"emulator":{"name":"functions"},"message":"[runtime-status] [3052] Outgoing network have been stubbed. [{\"name\":\"http\",\"status\":\"mocked\"},{\"name\":\"http\",\"status\":\"mocked\"},{\"name\":\"https\",\"status\":\"mocked\"},{\"name\":\"https\",\"status\":\"mocked\"},{\"name\":\"net\",\"status\":\"mocked\"}]"}}
[debug] [2020-09-17T01:47:33.920Z] [runtime-status] [3052] Resolved module firebase-functions {"declared":true,"installed":true,"version":"3.11.0","resolution":"C:\\Users\\gtech\\desktop\\e-commerce\\e-commerce\\functions\\node_modules\\firebase-functions\\lib\\index.js"} {"metadata":{"emulator":{"name":"functions"},"message":"[runtime-status] [3052] Resolved module firebase-functions {\"declared\":true,\"installed\":true,\"version\":\"3.11.0\",\"resolution\":\"C:\\\\Users\\\\gtech\\\\desktop\\\\e-commerce\\\\e-commerce\\\\functions\\\\node_modules\\\\firebase-functions\\\\lib\\\\index.js\"}"}}
[debug] [2020-09-17T01:47:38.621Z] [runtime-status] [3052] Checked functions.config() {"config":{}} {"metadata":{"emulator":{"name":"functions"},"message":"[runtime-status] [3052] Checked functions.config() {\"config\":{}}"}}
[debug] [2020-09-17T01:47:38.621Z] [runtime-status] [3052] firebase-functions has been stubbed. {"functionsResolution":{"declared":true,"installed":true,"version":"3.11.0","resolution":"C:\\Users\\gtech\\desktop\\e-commerce\\e-commerce\\functions\\node_modules\\firebase-functions\\lib\\index.js"}} {"metadata":{"emulator":{"name":"functions"},"message":"[runtime-status] [3052] firebase-functions has been stubbed. {\"functionsResolution\":{\"declared\":true,\"installed\":true,\"version\":\"3.11.0\",\"resolution\":\"C:\\\\Users\\\\gtech\\\\desktop\\\\e-commerce\\\\e-commerce\\\\functions\\\\node_modules\\\\firebase-functions\\\\lib\\\\index.js\"}}"}}
[debug] [2020-09-17T01:47:38.622Z] [runtime-status] [3052] Resolved module firebase-functions {"declared":true,"installed":true,"version":"3.11.0","resolution":"C:\\Users\\gtech\\desktop\\e-commerce\\e-commerce\\functions\\node_modules\\firebase-functions\\lib\\index.js"} {"metadata":{"emulator":{"name":"functions"},"message":"[runtime-status] [3052] Resolved module firebase-functions {\"declared\":true,\"installed\":true,\"version\":\"3.11.0\",\"resolution\":\"C:\\\\Users\\\\gtech\\\\desktop\\\\e-commerce\\\\e-commerce\\\\functions\\\\node_modules\\\\firebase-functions\\\\lib\\\\index.js\"}"}}
[debug] [2020-09-17T01:47:38.624Z] [runtime-status] [3052] Resolved module firebase-admin {"declared":true,"installed":true,"version":"8.13.0","resolution":"C:\\Users\\gtech\\desktop\\e-commerce\\e-commerce\\functions\\node_modules\\firebase-admin\\lib\\index.js"} {"metadata":{"emulator":{"name":"functions"},"message":"[runtime-status] [3052] Resolved module firebase-admin {\"declared\":true,\"installed\":true,\"version\":\"8.13.0\",\"resolution\":\"C:\\\\Users\\\\gtech\\\\desktop\\\\e-commerce\\\\e-commerce\\\\functions\\\\node_modules\\\\firebase-admin\\\\lib\\\\index.js\"}"}}
[debug] [2020-09-17T01:47:38.624Z] [runtime-status] [3052] Resolved module firebase-functions {"declared":true,"installed":true,"version":"3.11.0","resolution":"C:\\Users\\gtech\\desktop\\e-commerce\\e-commerce\\functions\\node_modules\\firebase-functions\\lib\\index.js"} {"metadata":{"emulator":{"name":"functions"},"message":"[runtime-status] [3052] Resolved module firebase-functions {\"declared\":true,\"installed\":true,\"version\":\"3.11.0\",\"resolution\":\"C:\\\\Users\\\\gtech\\\\desktop\\\\e-commerce\\\\e-commerce\\\\functions\\\\node_modules\\\\firebase-functions\\\\lib\\\\index.js\"}"}}
[debug] [2020-09-17T01:47:38.625Z] [runtime-status] [3052] firebase-admin has been stubbed. {"adminResolution":{"declared":true,"installed":true,"version":"8.13.0","resolution":"C:\\Users\\gtech\\desktop\\e-commerce\\e-commerce\\functions\\node_modules\\firebase-admin\\lib\\index.js"}} {"metadata":{"emulator":{"name":"functions"},"message":"[runtime-status] [3052] firebase-admin has been stubbed. {\"adminResolution\":{\"declared\":true,\"installed\":true,\"version\":\"8.13.0\",\"resolution\":\"C:\\\\Users\\\\gtech\\\\desktop\\\\e-commerce\\\\e-commerce\\\\functions\\\\node_modules\\\\firebase-admin\\\\lib\\\\index.js\"}}"}}
[info] +  functions[api]: http function initialized (http://localhost:5001/e-commerce-5fa7c/us-central1/api). {"metadata":{"emulator":{"name":"functions"},"message":"\u001b[1mhttp\u001b[22m function initialized (http://localhost:5001/e-commerce-5fa7c/us-central1/api)."}}
[info] 
┌───────────────────────────────────────────────────────────────────────┐
│ ✔  All emulators ready! View status and logs at http://localhost:4001 │
└───────────────────────────────────────────────────────────────────────┘

┌───────────┬────────────────┬─────────────────────────────────┐
│ Emulator  │ Host:Port      │ View in Emulator UI             │
├───────────┼────────────────┼─────────────────────────────────┤
│ Functions │ localhost:5001 │ http://localhost:4001/functions │
├───────────┼────────────────┼─────────────────────────────────┤
│ Hosting   │ localhost:5000 │ n/a                             │
└───────────┴────────────────┴─────────────────────────────────┘
  Other reserved ports: 4400, 4500

Issues? Report them at https://github.com/firebase/firebase-tools/issues and attach the *-debug.log files.
 
[debug] [2020-09-17T01:47:48.750Z] [worker-~diagnostic~-123df371-833f-43c5-96aa-df9790085c97]: IDLE {"metadata":{"emulator":{"name":"functions"},"message":"[worker-~diagnostic~-123df371-833f-43c5-96aa-df9790085c97]: IDLE"}}
[debug] [2020-09-17T01:48:14.007Z] [work-queue] {"queueLength":1,"workRunningCount":0}
[debug] [2020-09-17T01:48:14.007Z] [work-queue] {"queueLength":0,"workRunningCount":1}
[debug] [2020-09-17T01:48:14.007Z] Accepted request GET /e-commerce-5fa7c/us-central1/api --> api
[debug] [2020-09-17T01:48:14.022Z] [worker-pool] addWorker(api) {"metadata":{"emulator":{"name":"functions"},"message":"[worker-pool] addWorker(api)"}}
[debug] [2020-09-17T01:48:14.022Z] [worker-pool] Adding worker with key api, total=1 {"metadata":{"emulator":{"name":"functions"},"message":"[worker-pool] Adding worker with key api, total=1"}}
[debug] [2020-09-17T01:48:14.022Z] [worker-pool] submitWork(triggerId=api) {"metadata":{"emulator":{"name":"functions"},"message":"[worker-pool] submitWork(triggerId=api)"}}
[debug] [2020-09-17T01:48:14.022Z] [worker-api-323d92e4-871b-4467-8a83-931d74323c90]: Assigning socketPath: \\?\pipe\C:\Users\gtech\desktop\e-commerce\e-commerce\functions\19068 {"metadata":{"emulator":{"name":"functions"},"message":"[worker-api-323d92e4-871b-4467-8a83-931d74323c90]: Assigning socketPath: \\\\?\\pipe\\C:\\Users\\gtech\\desktop\\e-commerce\\e-commerce\\functions\\19068"}}
[debug] [2020-09-17T01:48:14.023Z] [worker-api-323d92e4-871b-4467-8a83-931d74323c90]: BUSY {"metadata":{"emulator":{"name":"functions"},"message":"[worker-api-323d92e4-871b-4467-8a83-931d74323c90]: BUSY"}}
[debug] [2020-09-17T01:48:14.787Z] [runtime-status] [19068] Functions runtime initialized. {"cwd":"C:\\Users\\gtech\\desktop\\e-commerce\\e-commerce\\functions","node_version":"12.13.1"} {"metadata":{"emulator":{"name":"functions"},"function":{"name":"api"},"message":"[runtime-status] [19068] Functions runtime initialized. {\"cwd\":\"C:\\\\Users\\\\gtech\\\\desktop\\\\e-commerce\\\\e-commerce\\\\functions\",\"node_version\":\"12.13.1\"}"}}
[debug] [2020-09-17T01:48:14.788Z] [runtime-status] [19068] Disabled runtime features: undefined {"metadata":{"emulator":{"name":"functions"},"function":{"name":"api"},"message":"[runtime-status] [19068] Disabled runtime features: undefined"}}
[debug] [2020-09-17T01:48:14.792Z] [runtime-status] [19068] Resolved module firebase-admin {"declared":true,"installed":true,"version":"8.13.0","resolution":"C:\\Users\\gtech\\desktop\\e-commerce\\e-commerce\\functions\\node_modules\\firebase-admin\\lib\\index.js"} {"metadata":{"emulator":{"name":"functions"},"function":{"name":"api"},"message":"[runtime-status] [19068] Resolved module firebase-admin {\"declared\":true,\"installed\":true,\"version\":\"8.13.0\",\"resolution\":\"C:\\\\Users\\\\gtech\\\\desktop\\\\e-commerce\\\\e-commerce\\\\functions\\\\node_modules\\\\firebase-admin\\\\lib\\\\index.js\"}"}}
[debug] [2020-09-17T01:48:14.794Z] [runtime-status] [19068] Resolved module firebase-functions {"declared":true,"installed":true,"version":"3.11.0","resolution":"C:\\Users\\gtech\\desktop\\e-commerce\\e-commerce\\functions\\node_modules\\firebase-functions\\lib\\index.js"} {"metadata":{"emulator":{"name":"functions"},"function":{"name":"api"},"message":"[runtime-status] [19068] Resolved module firebase-functions {\"declared\":true,\"installed\":true,\"version\":\"3.11.0\",\"resolution\":\"C:\\\\Users\\\\gtech\\\\desktop\\\\e-commerce\\\\e-commerce\\\\functions\\\\node_modules\\\\firebase-functions\\\\lib\\\\index.js\"}"}}
[debug] [2020-09-17T01:48:14.795Z] [runtime-status] [19068] Resolved module firebase-functions {"declared":true,"installed":true,"version":"3.11.0","resolution":"C:\\Users\\gtech\\desktop\\e-commerce\\e-commerce\\functions\\node_modules\\firebase-functions\\lib\\index.js"} {"metadata":{"emulator":{"name":"functions"},"function":{"name":"api"},"message":"[runtime-status] [19068] Resolved module firebase-functions {\"declared\":true,\"installed\":true,\"version\":\"3.11.0\",\"resolution\":\"C:\\\\Users\\\\gtech\\\\desktop\\\\e-commerce\\\\e-commerce\\\\functions\\\\node_modules\\\\firebase-functions\\\\lib\\\\index.js\"}"}}
[debug] [2020-09-17T01:48:14.799Z] [runtime-status] [19068] Outgoing network have been stubbed. [{"name":"http","status":"mocked"},{"name":"http","status":"mocked"},{"name":"https","status":"mocked"},{"name":"https","status":"mocked"},{"name":"net","status":"mocked"}] {"metadata":{"emulator":{"name":"functions"},"function":{"name":"api"},"message":"[runtime-status] [19068] Outgoing network have been stubbed. [{\"name\":\"http\",\"status\":\"mocked\"},{\"name\":\"http\",\"status\":\"mocked\"},{\"name\":\"https\",\"status\":\"mocked\"},{\"name\":\"https\",\"status\":\"mocked\"},{\"name\":\"net\",\"status\":\"mocked\"}]"}}
[debug] [2020-09-17T01:48:14.800Z] [runtime-status] [19068] Resolved module firebase-functions {"declared":true,"installed":true,"version":"3.11.0","resolution":"C:\\Users\\gtech\\desktop\\e-commerce\\e-commerce\\functions\\node_modules\\firebase-functions\\lib\\index.js"} {"metadata":{"emulator":{"name":"functions"},"function":{"name":"api"},"message":"[runtime-status] [19068] Resolved module firebase-functions {\"declared\":true,\"installed\":true,\"version\":\"3.11.0\",\"resolution\":\"C:\\\\Users\\\\gtech\\\\desktop\\\\e-commerce\\\\e-commerce\\\\functions\\\\node_modules\\\\firebase-functions\\\\lib\\\\index.js\"}"}}
[debug] [2020-09-17T01:48:14.859Z] [runtime-status] [19068] Checked functions.config() {"config":{}} {"metadata":{"emulator":{"name":"functions"},"function":{"name":"api"},"message":"[runtime-status] [19068] Checked functions.config() {\"config\":{}}"}}
[debug] [2020-09-17T01:48:14.859Z] [runtime-status] [19068] firebase-functions has been stubbed. {"functionsResolution":{"declared":true,"installed":true,"version":"3.11.0","resolution":"C:\\Users\\gtech\\desktop\\e-commerce\\e-commerce\\functions\\node_modules\\firebase-functions\\lib\\index.js"}} {"metadata":{"emulator":{"name":"functions"},"function":{"name":"api"},"message":"[runtime-status] [19068] firebase-functions has been stubbed. {\"functionsResolution\":{\"declared\":true,\"installed\":true,\"version\":\"3.11.0\",\"resolution\":\"C:\\\\Users\\\\gtech\\\\desktop\\\\e-commerce\\\\e-commerce\\\\functions\\\\node_modules\\\\firebase-functions\\\\lib\\\\index.js\"}}"}}
[debug] [2020-09-17T01:48:14.860Z] [runtime-status] [19068] Resolved module firebase-functions {"declared":true,"installed":true,"version":"3.11.0","resolution":"C:\\Users\\gtech\\desktop\\e-commerce\\e-commerce\\functions\\node_modules\\firebase-functions\\lib\\index.js"} {"metadata":{"emulator":{"name":"functions"},"function":{"name":"api"},"message":"[runtime-status] [19068] Resolved module firebase-functions {\"declared\":true,\"installed\":true,\"version\":\"3.11.0\",\"resolution\":\"C:\\\\Users\\\\gtech\\\\desktop\\\\e-commerce\\\\e-commerce\\\\functions\\\\node_modules\\\\firebase-functions\\\\lib\\\\index.js\"}"}}
[debug] [2020-09-17T01:48:14.861Z] [runtime-status] [19068] Resolved module firebase-admin {"declared":true,"installed":true,"version":"8.13.0","resolution":"C:\\Users\\gtech\\desktop\\e-commerce\\e-commerce\\functions\\node_modules\\firebase-admin\\lib\\index.js"} {"metadata":{"emulator":{"name":"functions"},"function":{"name":"api"},"message":"[runtime-status] [19068] Resolved module firebase-admin {\"declared\":true,\"installed\":true,\"version\":\"8.13.0\",\"resolution\":\"C:\\\\Users\\\\gtech\\\\desktop\\\\e-commerce\\\\e-commerce\\\\functions\\\\node_modules\\\\firebase-admin\\\\lib\\\\index.js\"}"}}
[debug] [2020-09-17T01:48:14.862Z] [runtime-status] [19068] Resolved module firebase-functions {"declared":true,"installed":true,"version":"3.11.0","resolution":"C:\\Users\\gtech\\desktop\\e-commerce\\e-commerce\\functions\\node_modules\\firebase-functions\\lib\\index.js"} {"metadata":{"emulator":{"name":"functions"},"function":{"name":"api"},"message":"[runtime-status] [19068] Resolved module firebase-functions {\"declared\":true,\"installed\":true,\"version\":\"3.11.0\",\"resolution\":\"C:\\\\Users\\\\gtech\\\\desktop\\\\e-commerce\\\\e-commerce\\\\functions\\\\node_modules\\\\firebase-functions\\\\lib\\\\index.js\"}"}}
[debug] [2020-09-17T01:48:14.862Z] [runtime-status] [19068] firebase-admin has been stubbed. {"adminResolution":{"declared":true,"installed":true,"version":"8.13.0","resolution":"C:\\Users\\gtech\\desktop\\e-commerce\\e-commerce\\functions\\node_modules\\firebase-admin\\lib\\index.js"}} {"metadata":{"emulator":{"name":"functions"},"function":{"name":"api"},"message":"[runtime-status] [19068] firebase-admin has been stubbed. {\"adminResolution\":{\"declared\":true,\"installed\":true,\"version\":\"8.13.0\",\"resolution\":\"C:\\\\Users\\\\gtech\\\\desktop\\\\e-commerce\\\\e-commerce\\\\functions\\\\node_modules\\\\firebase-admin\\\\lib\\\\index.js\"}}"}}
[debug] [2020-09-17T01:48:15.110Z] [runtime-status] [19068] Trigger "api" has been found, beginning invocation! {"metadata":{"emulator":{"name":"functions"},"function":{"name":"api"},"message":"[runtime-status] [19068] Trigger \"api\" has been found, beginning invocation!"}}
[info] i  functions: Beginning execution of "api" {"metadata":{"emulator":{"name":"functions"},"function":{"name":"api"},"message":"Beginning execution of \"api\""}}
[debug] [2020-09-17T01:48:15.111Z] [runtime-status] [19068] triggerDefinition {"httpsTrigger":{},"name":"api","entryPoint":"api"} {"metadata":{"emulator":{"name":"functions"},"function":{"name":"api"},"message":"[runtime-status] [19068] triggerDefinition {\"httpsTrigger\":{},\"name\":\"api\",\"entryPoint\":\"api\"}"}}
[debug] [2020-09-17T01:48:15.111Z] [runtime-status] [19068] Running api in mode HTTPS {"metadata":{"emulator":{"name":"functions"},"function":{"name":"api"},"message":"[runtime-status] [19068] Running api in mode HTTPS"}}
[debug] [2020-09-17T01:48:15.115Z] [runtime-status] [19068] Attempting to listen to socketPath: \\?\pipe\C:\Users\gtech\desktop\e-commerce\e-commerce\functions\19068 {"metadata":{"emulator":{"name":"functions"},"function":{"name":"api"},"message":"[runtime-status] [19068] Attempting to listen to socketPath: \\\\?\\pipe\\C:\\Users\\gtech\\desktop\\e-commerce\\e-commerce\\functions\\19068"}}
[debug] [2020-09-17T01:48:15.118Z] [functions] Runtime ready! Sending request! {"metadata":{"emulator":{"name":"functions"},"message":"[functions] Runtime ready! Sending request!"}}
[debug] [2020-09-17T01:48:15.129Z] [runtime-status] [19068] Ephemeral server handling GET request {"metadata":{"emulator":{"name":"functions"},"function":{"name":"api"},"message":"[runtime-status] [19068] Ephemeral server handling GET request"}}
[debug] [2020-09-17T01:48:15.174Z] [runtime-status] [19068] Ephemeral server survived. {"metadata":{"emulator":{"name":"functions"},"function":{"name":"api"},"message":"[runtime-status] [19068] Ephemeral server survived."}}
[info] i  functions: Finished "api" in ~1s {"metadata":{"emulator":{"name":"functions"},"function":{"name":"api"},"message":"Finished \"api\" in ~1s"}}
[debug] [2020-09-17T01:48:15.182Z] [worker-api-323d92e4-871b-4467-8a83-931d74323c90]: IDLE {"metadata":{"emulator":{"name":"functions"},"message":"[worker-api-323d92e4-871b-4467-8a83-931d74323c90]: IDLE"}}
[debug] [2020-09-17T01:48:15.182Z] [work-queue] {"queueLength":0,"workRunningCount":0}
[debug] [2020-09-17T01:48:15.219Z] [work-queue] {"queueLength":1,"workRunningCount":0}
[debug] [2020-09-17T01:48:15.219Z] [work-queue] {"queueLength":0,"workRunningCount":1}
[debug] [2020-09-17T01:48:15.220Z] Accepted request GET /e-commerce-5fa7c/us-central1/api --> api
[debug] [2020-09-17T01:48:15.220Z] [worker-pool] submitWork(triggerId=api) {"metadata":{"emulator":{"name":"functions"},"message":"[worker-pool] submitWork(triggerId=api)"}}
[debug] [2020-09-17T01:48:15.220Z] [worker-api-323d92e4-871b-4467-8a83-931d74323c90]: Assigning socketPath: \\?\pipe\C:\Users\gtech\desktop\e-commerce\e-commerce\functions\19068 {"metadata":{"emulator":{"name":"functions"},"message":"[worker-api-323d92e4-871b-4467-8a83-931d74323c90]: Assigning socketPath: \\\\?\\pipe\\C:\\Users\\gtech\\desktop\\e-commerce\\e-commerce\\functions\\19068"}}
[debug] [2020-09-17T01:48:15.220Z] [worker-api-323d92e4-871b-4467-8a83-931d74323c90]: BUSY {"metadata":{"emulator":{"name":"functions"},"message":"[worker-api-323d92e4-871b-4467-8a83-931d74323c90]: BUSY"}}
[debug] [2020-09-17T01:48:15.221Z] [runtime-status] [19068] Trigger "api" has been found, beginning invocation! {"metadata":{"emulator":{"name":"functions"},"function":{"name":"api"},"message":"[runtime-status] [19068] Trigger \"api\" has been found, beginning invocation!"}}
[info] i  functions: Beginning execution of "api" {"metadata":{"emulator":{"name":"functions"},"function":{"name":"api"},"message":"Beginning execution of \"api\""}}
[debug] [2020-09-17T01:48:15.223Z] [runtime-status] [19068] triggerDefinition {"httpsTrigger":{},"name":"api","entryPoint":"api"} {"metadata":{"emulator":{"name":"functions"},"function":{"name":"api"},"message":"[runtime-status] [19068] triggerDefinition {\"httpsTrigger\":{},\"name\":\"api\",\"entryPoint\":\"api\"}"}}
[debug] [2020-09-17T01:48:15.223Z] [runtime-status] [19068] Running api in mode HTTPS {"metadata":{"emulator":{"name":"functions"},"function":{"name":"api"},"message":"[runtime-status] [19068] Running api in mode HTTPS"}}
[debug] [2020-09-17T01:48:15.223Z] [runtime-status] [19068] Attempting to listen to socketPath: \\?\pipe\C:\Users\gtech\desktop\e-commerce\e-commerce\functions\19068 {"metadata":{"emulator":{"name":"functions"},"function":{"name":"api"},"message":"[runtime-status] [19068] Attempting to listen to socketPath: \\\\?\\pipe\\C:\\Users\\gtech\\desktop\\e-commerce\\e-commerce\\functions\\19068"}}
[debug] [2020-09-17T01:48:15.224Z] [functions] Runtime ready! Sending request! {"metadata":{"emulator":{"name":"functions"},"message":"[functions] Runtime ready! Sending request!"}}
[debug] [2020-09-17T01:48:15.227Z] [runtime-status] [19068] Ephemeral server handling GET request {"metadata":{"emulator":{"name":"functions"},"function":{"name":"api"},"message":"[runtime-status] [19068] Ephemeral server handling GET request"}}
[debug] [2020-09-17T01:48:15.228Z] [runtime-status] [19068] Ephemeral server survived. {"metadata":{"emulator":{"name":"functions"},"function":{"name":"api"},"message":"[runtime-status] [19068] Ephemeral server survived."}}
[info] i  functions: Finished "api" in ~1s {"metadata":{"emulator":{"name":"functions"},"function":{"name":"api"},"message":"Finished \"api\" in ~1s"}}
[debug] [2020-09-17T01:48:15.237Z] [worker-api-323d92e4-871b-4467-8a83-931d74323c90]: IDLE {"metadata":{"emulator":{"name":"functions"},"message":"[worker-api-323d92e4-871b-4467-8a83-931d74323c90]: IDLE"}}
[debug] [2020-09-17T01:48:15.238Z] [work-queue] {"queueLength":0,"workRunningCount":0}
[debug] [2020-09-17T01:48:47.918Z] [work-queue] {"queueLength":1,"workRunningCount":0}
[debug] [2020-09-17T01:48:47.918Z] [work-queue] {"queueLength":0,"workRunningCount":1}
[debug] [2020-09-17T01:48:47.918Z] Accepted request POST /e-commerce-5fa7c/us-central1/api/payments/create?total=0 --> api
[debug] [2020-09-17T01:48:47.918Z] [worker-pool] submitWork(triggerId=api) {"metadata":{"emulator":{"name":"functions"},"message":"[worker-pool] submitWork(triggerId=api)"}}
[debug] [2020-09-17T01:48:47.919Z] [worker-api-323d92e4-871b-4467-8a83-931d74323c90]: Assigning socketPath: \\?\pipe\C:\Users\gtech\desktop\e-commerce\e-commerce\functions\19068 {"metadata":{"emulator":{"name":"functions"},"message":"[worker-api-323d92e4-871b-4467-8a83-931d74323c90]: Assigning socketPath: \\\\?\\pipe\\C:\\Users\\gtech\\desktop\\e-commerce\\e-commerce\\functions\\19068"}}
[debug] [2020-09-17T01:48:47.919Z] [worker-api-323d92e4-871b-4467-8a83-931d74323c90]: BUSY {"metadata":{"emulator":{"name":"functions"},"message":"[worker-api-323d92e4-871b-4467-8a83-931d74323c90]: BUSY"}}
[debug] [2020-09-17T01:48:47.919Z] [runtime-status] [19068] Trigger "api" has been found, beginning invocation! {"metadata":{"emulator":{"name":"functions"},"function":{"name":"api"},"message":"[runtime-status] [19068] Trigger \"api\" has been found, beginning invocation!"}}
[info] i  functions: Beginning execution of "api" {"metadata":{"emulator":{"name":"functions"},"function":{"name":"api"},"message":"Beginning execution of \"api\""}}
[debug] [2020-09-17T01:48:47.921Z] [runtime-status] [19068] triggerDefinition {"httpsTrigger":{},"name":"api","entryPoint":"api"} {"metadata":{"emulator":{"name":"functions"},"function":{"name":"api"},"message":"[runtime-status] [19068] triggerDefinition {\"httpsTrigger\":{},\"name\":\"api\",\"entryPoint\":\"api\"}"}}
[debug] [2020-09-17T01:48:47.921Z] [runtime-status] [19068] Running api in mode HTTPS {"metadata":{"emulator":{"name":"functions"},"function":{"name":"api"},"message":"[runtime-status] [19068] Running api in mode HTTPS"}}
[debug] [2020-09-17T01:48:47.921Z] [runtime-status] [19068] Attempting to listen to socketPath: \\?\pipe\C:\Users\gtech\desktop\e-commerce\e-commerce\functions\19068 {"metadata":{"emulator":{"name":"functions"},"function":{"name":"api"},"message":"[runtime-status] [19068] Attempting to listen to socketPath: \\\\?\\pipe\\C:\\Users\\gtech\\desktop\\e-commerce\\e-commerce\\functions\\19068"}}
[debug] [2020-09-17T01:48:47.922Z] [functions] Runtime ready! Sending request! {"metadata":{"emulator":{"name":"functions"},"message":"[functions] Runtime ready! Sending request!"}}
[debug] [2020-09-17T01:48:47.926Z] [runtime-status] [19068] Ephemeral server handling POST request {"metadata":{"emulator":{"name":"functions"},"function":{"name":"api"},"message":"[runtime-status] [19068] Ephemeral server handling POST request"}}
[info] >  Payment Request Recieved Boom !!! 0 {"user":"Payment Request Recieved Boom !!! 0","metadata":{"emulator":{"name":"functions"},"function":{"name":"api"},"message":"\u001b[90m> \u001b[39m Payment Request Recieved Boom !!! 0"}}
[debug] [2020-09-17T01:48:48.145Z] [runtime-status] [19068] Ephemeral server survived. {"metadata":{"emulator":{"name":"functions"},"function":{"name":"api"},"message":"[runtime-status] [19068] Ephemeral server survived."}}
[info] >  (node:19068) UnhandledPromiseRejectionWarning: Error: This value must be greater than or equal to 1. {"user":"(node:19068) UnhandledPromiseRejectionWarning: Error: This value must be greater than or equal to 1.","metadata":{"emulator":{"name":"functions"},"function":{"name":"api"},"message":"\u001b[90m> \u001b[39m (node:19068) UnhandledPromiseRejectionWarning: Error: This value must be greater than or equal to 1."}}
[info] >      at Function.generate (C:\Users\gtech\desktop\e-commerce\e-commerce\functions\node_modules\stripe\lib\Error.js:39:16) {"user":"    at Function.generate (C:\\Users\\gtech\\desktop\\e-commerce\\e-commerce\\functions\\node_modules\\stripe\\lib\\Error.js:39:16)","metadata":{"emulator":{"name":"functions"},"function":{"name":"api"},"message":"\u001b[90m> \u001b[39m     at Function.generate (C:\\Users\\gtech\\desktop\\e-commerce\\e-commerce\\functions\\node_modules\\stripe\\lib\\Error.js:39:16)"}}
[info] >      at IncomingMessage.<anonymous> (C:\Users\gtech\desktop\e-commerce\e-commerce\functions\node_modules\stripe\lib\StripeResource.js:190:33) {"user":"    at IncomingMessage.<anonymous> (C:\\Users\\gtech\\desktop\\e-commerce\\e-commerce\\functions\\node_modules\\stripe\\lib\\StripeResource.js:190:33)","metadata":{"emulator":{"name":"functions"},"function":{"name":"api"},"message":"\u001b[90m> \u001b[39m     at IncomingMessage.<anonymous> (C:\\Users\\gtech\\desktop\\e-commerce\\e-commerce\\functions\\node_modules\\stripe\\lib\\StripeResource.js:190:33)"}}
[info] >      at Object.onceWrapper (events.js:299:28) {"user":"    at Object.onceWrapper (events.js:299:28)","metadata":{"emulator":{"name":"functions"},"function":{"name":"api"},"message":"\u001b[90m> \u001b[39m     at Object.onceWrapper (events.js:299:28)"}}
[info] >      at IncomingMessage.emit (events.js:215:7) {"user":"    at IncomingMessage.emit (events.js:215:7)","metadata":{"emulator":{"name":"functions"},"function":{"name":"api"},"message":"\u001b[90m> \u001b[39m     at IncomingMessage.emit (events.js:215:7)"}}
[info] >      at endReadableNT (_stream_readable.js:1184:12) {"user":"    at endReadableNT (_stream_readable.js:1184:12)","metadata":{"emulator":{"name":"functions"},"function":{"name":"api"},"message":"\u001b[90m> \u001b[39m     at endReadableNT (_stream_readable.js:1184:12)"}}
[info] >      at processTicksAndRejections (internal/process/task_queues.js:80:21) {"user":"    at processTicksAndRejections (internal/process/task_queues.js:80:21)","metadata":{"emulator":{"name":"functions"},"function":{"name":"api"},"message":"\u001b[90m> \u001b[39m     at processTicksAndRejections (internal/process/task_queues.js:80:21)"}}
[info] >  (node:19068) UnhandledPromiseRejectionWarning: Unhandled promise rejection. This error originated either by throwing inside of an async function without a catch block, or by rejecting a promise which was not handled with .catch(). (rejection id: 1) {"user":"(node:19068) UnhandledPromiseRejectionWarning: Unhandled promise rejection. This error originated either by throwing inside of an async function without a catch block, or by rejecting a promise which was not handled with .catch(). (rejection id: 1)","metadata":{"emulator":{"name":"functions"},"function":{"name":"api"},"message":"\u001b[90m> \u001b[39m (node:19068) UnhandledPromiseRejectionWarning: Unhandled promise rejection. This error originated either by throwing inside of an async function without a catch block, or by rejecting a promise which was not handled with .catch(). (rejection id: 1)"}}
[info] >  (node:19068) [DEP0018] DeprecationWarning: Unhandled promise rejections are deprecated. In the future, promise rejections that are not handled will terminate the Node.js process with a non-zero exit code. {"user":"(node:19068) [DEP0018] DeprecationWarning: Unhandled promise rejections are deprecated. In the future, promise rejections that are not handled will terminate the Node.js process with a non-zero exit code.","metadata":{"emulator":{"name":"functions"},"function":{"name":"api"},"message":"\u001b[90m> \u001b[39m (node:19068) [DEP0018] DeprecationWarning: Unhandled promise rejections are deprecated. In the future, promise rejections that are not handled will terminate the Node.js process with a non-zero exit code."}}
[debug] [2020-09-17T01:49:13.619Z] [work-queue] {"queueLength":1,"workRunningCount":1}
[debug] [2020-09-17T01:49:13.620Z] [work-queue] {"queueLength":0,"workRunningCount":2}
[debug] [2020-09-17T01:49:13.620Z] Accepted request POST /e-commerce-5fa7c/us-central1/api/payments/create?total=37798 --> api
[debug] [2020-09-17T01:49:13.634Z] [worker-pool] addWorker(api) {"metadata":{"emulator":{"name":"functions"},"message":"[worker-pool] addWorker(api)"}}
[debug] [2020-09-17T01:49:13.634Z] [worker-pool] Adding worker with key api, total=2 {"metadata":{"emulator":{"name":"functions"},"message":"[worker-pool] Adding worker with key api, total=2"}}
[debug] [2020-09-17T01:49:13.634Z] [worker-pool] submitWork(triggerId=api) {"metadata":{"emulator":{"name":"functions"},"message":"[worker-pool] submitWork(triggerId=api)"}}
[debug] [2020-09-17T01:49:13.634Z] [worker-api-9d01ef07-71e9-44f1-b479-fe93c1e23063]: Assigning socketPath: \\?\pipe\C:\Users\gtech\desktop\e-commerce\e-commerce\functions\18608 {"metadata":{"emulator":{"name":"functions"},"message":"[worker-api-9d01ef07-71e9-44f1-b479-fe93c1e23063]: Assigning socketPath: \\\\?\\pipe\\C:\\Users\\gtech\\desktop\\e-commerce\\e-commerce\\functions\\18608"}}
[debug] [2020-09-17T01:49:13.634Z] [worker-api-9d01ef07-71e9-44f1-b479-fe93c1e23063]: BUSY {"metadata":{"emulator":{"name":"functions"},"message":"[worker-api-9d01ef07-71e9-44f1-b479-fe93c1e23063]: BUSY"}}
[debug] [2020-09-17T01:49:14.644Z] [runtime-status] [18608] Functions runtime initialized. {"cwd":"C:\\Users\\gtech\\desktop\\e-commerce\\e-commerce\\functions","node_version":"12.13.1"} {"metadata":{"emulator":{"name":"functions"},"function":{"name":"api"},"message":"[runtime-status] [18608] Functions runtime initialized. {\"cwd\":\"C:\\\\Users\\\\gtech\\\\desktop\\\\e-commerce\\\\e-commerce\\\\functions\",\"node_version\":\"12.13.1\"}"}}
[debug] [2020-09-17T01:49:14.645Z] [runtime-status] [18608] Disabled runtime features: undefined {"metadata":{"emulator":{"name":"functions"},"function":{"name":"api"},"message":"[runtime-status] [18608] Disabled runtime features: undefined"}}
[debug] [2020-09-17T01:49:14.650Z] [runtime-status] [18608] Resolved module firebase-admin {"declared":true,"installed":true,"version":"8.13.0","resolution":"C:\\Users\\gtech\\desktop\\e-commerce\\e-commerce\\functions\\node_modules\\firebase-admin\\lib\\index.js"} {"metadata":{"emulator":{"name":"functions"},"function":{"name":"api"},"message":"[runtime-status] [18608] Resolved module firebase-admin {\"declared\":true,\"installed\":true,\"version\":\"8.13.0\",\"resolution\":\"C:\\\\Users\\\\gtech\\\\desktop\\\\e-commerce\\\\e-commerce\\\\functions\\\\node_modules\\\\firebase-admin\\\\lib\\\\index.js\"}"}}
[debug] [2020-09-17T01:49:14.652Z] [runtime-status] [18608] Resolved module firebase-functions {"declared":true,"installed":true,"version":"3.11.0","resolution":"C:\\Users\\gtech\\desktop\\e-commerce\\e-commerce\\functions\\node_modules\\firebase-functions\\lib\\index.js"} {"metadata":{"emulator":{"name":"functions"},"function":{"name":"api"},"message":"[runtime-status] [18608] Resolved module firebase-functions {\"declared\":true,\"installed\":true,\"version\":\"3.11.0\",\"resolution\":\"C:\\\\Users\\\\gtech\\\\desktop\\\\e-commerce\\\\e-commerce\\\\functions\\\\node_modules\\\\firebase-functions\\\\lib\\\\index.js\"}"}}
[debug] [2020-09-17T01:49:14.653Z] [runtime-status] [18608] Resolved module firebase-functions {"declared":true,"installed":true,"version":"3.11.0","resolution":"C:\\Users\\gtech\\desktop\\e-commerce\\e-commerce\\functions\\node_modules\\firebase-functions\\lib\\index.js"} {"metadata":{"emulator":{"name":"functions"},"function":{"name":"api"},"message":"[runtime-status] [18608] Resolved module firebase-functions {\"declared\":true,\"installed\":true,\"version\":\"3.11.0\",\"resolution\":\"C:\\\\Users\\\\gtech\\\\desktop\\\\e-commerce\\\\e-commerce\\\\functions\\\\node_modules\\\\firebase-functions\\\\lib\\\\index.js\"}"}}
[debug] [2020-09-17T01:49:14.655Z] [runtime-status] [18608] Outgoing network have been stubbed. [{"name":"http","status":"mocked"},{"name":"http","status":"mocked"},{"name":"https","status":"mocked"},{"name":"https","status":"mocked"},{"name":"net","status":"mocked"}] {"metadata":{"emulator":{"name":"functions"},"function":{"name":"api"},"message":"[runtime-status] [18608] Outgoing network have been stubbed. [{\"name\":\"http\",\"status\":\"mocked\"},{\"name\":\"http\",\"status\":\"mocked\"},{\"name\":\"https\",\"status\":\"mocked\"},{\"name\":\"https\",\"status\":\"mocked\"},{\"name\":\"net\",\"status\":\"mocked\"}]"}}
[debug] [2020-09-17T01:49:14.655Z] [runtime-status] [18608] Resolved module firebase-functions {"declared":true,"installed":true,"version":"3.11.0","resolution":"C:\\Users\\gtech\\desktop\\e-commerce\\e-commerce\\functions\\node_modules\\firebase-functions\\lib\\index.js"} {"metadata":{"emulator":{"name":"functions"},"function":{"name":"api"},"message":"[runtime-status] [18608] Resolved module firebase-functions {\"declared\":true,\"installed\":true,\"version\":\"3.11.0\",\"resolution\":\"C:\\\\Users\\\\gtech\\\\desktop\\\\e-commerce\\\\e-commerce\\\\functions\\\\node_modules\\\\firebase-functions\\\\lib\\\\index.js\"}"}}
[debug] [2020-09-17T01:49:14.719Z] [runtime-status] [18608] Checked functions.config() {"config":{}} {"metadata":{"emulator":{"name":"functions"},"function":{"name":"api"},"message":"[runtime-status] [18608] Checked functions.config() {\"config\":{}}"}}
[debug] [2020-09-17T01:49:14.719Z] [runtime-status] [18608] firebase-functions has been stubbed. {"functionsResolution":{"declared":true,"installed":true,"version":"3.11.0","resolution":"C:\\Users\\gtech\\desktop\\e-commerce\\e-commerce\\functions\\node_modules\\firebase-functions\\lib\\index.js"}} {"metadata":{"emulator":{"name":"functions"},"function":{"name":"api"},"message":"[runtime-status] [18608] firebase-functions has been stubbed. {\"functionsResolution\":{\"declared\":true,\"installed\":true,\"version\":\"3.11.0\",\"resolution\":\"C:\\\\Users\\\\gtech\\\\desktop\\\\e-commerce\\\\e-commerce\\\\functions\\\\node_modules\\\\firebase-functions\\\\lib\\\\index.js\"}}"}}
[debug] [2020-09-17T01:49:14.720Z] [runtime-status] [18608] Resolved module firebase-functions {"declared":true,"installed":true,"version":"3.11.0","resolution":"C:\\Users\\gtech\\desktop\\e-commerce\\e-commerce\\functions\\node_modules\\firebase-functions\\lib\\index.js"} {"metadata":{"emulator":{"name":"functions"},"function":{"name":"api"},"message":"[runtime-status] [18608] Resolved module firebase-functions {\"declared\":true,\"installed\":true,\"version\":\"3.11.0\",\"resolution\":\"C:\\\\Users\\\\gtech\\\\desktop\\\\e-commerce\\\\e-commerce\\\\functions\\\\node_modules\\\\firebase-functions\\\\lib\\\\index.js\"}"}}
[debug] [2020-09-17T01:49:14.723Z] [runtime-status] [18608] Resolved module firebase-admin {"declared":true,"installed":true,"version":"8.13.0","resolution":"C:\\Users\\gtech\\desktop\\e-commerce\\e-commerce\\functions\\node_modules\\firebase-admin\\lib\\index.js"} {"metadata":{"emulator":{"name":"functions"},"function":{"name":"api"},"message":"[runtime-status] [18608] Resolved module firebase-admin {\"declared\":true,\"installed\":true,\"version\":\"8.13.0\",\"resolution\":\"C:\\\\Users\\\\gtech\\\\desktop\\\\e-commerce\\\\e-commerce\\\\functions\\\\node_modules\\\\firebase-admin\\\\lib\\\\index.js\"}"}}
[debug] [2020-09-17T01:49:14.724Z] [runtime-status] [18608] Resolved module firebase-functions {"declared":true,"installed":true,"version":"3.11.0","resolution":"C:\\Users\\gtech\\desktop\\e-commerce\\e-commerce\\functions\\node_modules\\firebase-functions\\lib\\index.js"} {"metadata":{"emulator":{"name":"functions"},"function":{"name":"api"},"message":"[runtime-status] [18608] Resolved module firebase-functions {\"declared\":true,\"installed\":true,\"version\":\"3.11.0\",\"resolution\":\"C:\\\\Users\\\\gtech\\\\desktop\\\\e-commerce\\\\e-commerce\\\\functions\\\\node_modules\\\\firebase-functions\\\\lib\\\\index.js\"}"}}
[debug] [2020-09-17T01:49:14.724Z] [runtime-status] [18608] firebase-admin has been stubbed. {"adminResolution":{"declared":true,"installed":true,"version":"8.13.0","resolution":"C:\\Users\\gtech\\desktop\\e-commerce\\e-commerce\\functions\\node_modules\\firebase-admin\\lib\\index.js"}} {"metadata":{"emulator":{"name":"functions"},"function":{"name":"api"},"message":"[runtime-status] [18608] firebase-admin has been stubbed. {\"adminResolution\":{\"declared\":true,\"installed\":true,\"version\":\"8.13.0\",\"resolution\":\"C:\\\\Users\\\\gtech\\\\desktop\\\\e-commerce\\\\e-commerce\\\\functions\\\\node_modules\\\\firebase-admin\\\\lib\\\\index.js\"}}"}}
[debug] [2020-09-17T01:49:15.020Z] [runtime-status] [18608] Trigger "api" has been found, beginning invocation! {"metadata":{"emulator":{"name":"functions"},"function":{"name":"api"},"message":"[runtime-status] [18608] Trigger \"api\" has been found, beginning invocation!"}}
[info] i  functions: Beginning execution of "api" {"metadata":{"emulator":{"name":"functions"},"function":{"name":"api"},"message":"Beginning execution of \"api\""}}
[debug] [2020-09-17T01:49:15.022Z] [runtime-status] [18608] triggerDefinition {"httpsTrigger":{},"name":"api","entryPoint":"api"} {"metadata":{"emulator":{"name":"functions"},"function":{"name":"api"},"message":"[runtime-status] [18608] triggerDefinition {\"httpsTrigger\":{},\"name\":\"api\",\"entryPoint\":\"api\"}"}}
[debug] [2020-09-17T01:49:15.022Z] [runtime-status] [18608] Running api in mode HTTPS {"metadata":{"emulator":{"name":"functions"},"function":{"name":"api"},"message":"[runtime-status] [18608] Running api in mode HTTPS"}}
[debug] [2020-09-17T01:49:15.025Z] [runtime-status] [18608] Attempting to listen to socketPath: \\?\pipe\C:\Users\gtech\desktop\e-commerce\e-commerce\functions\18608 {"metadata":{"emulator":{"name":"functions"},"function":{"name":"api"},"message":"[runtime-status] [18608] Attempting to listen to socketPath: \\\\?\\pipe\\C:\\Users\\gtech\\desktop\\e-commerce\\e-commerce\\functions\\18608"}}
[debug] [2020-09-17T01:49:15.028Z] [functions] Runtime ready! Sending request! {"metadata":{"emulator":{"name":"functions"},"message":"[functions] Runtime ready! Sending request!"}}
[debug] [2020-09-17T01:49:15.039Z] [runtime-status] [18608] Ephemeral server handling POST request {"metadata":{"emulator":{"name":"functions"},"function":{"name":"api"},"message":"[runtime-status] [18608] Ephemeral server handling POST request"}}
[info] >  Payment Request Recieved Boom !!! 37798 {"user":"Payment Request Recieved Boom !!! 37798","metadata":{"emulator":{"name":"functions"},"function":{"name":"api"},"message":"\u001b[90m> \u001b[39m Payment Request Recieved Boom !!! 37798"}}
[debug] [2020-09-17T01:49:15.081Z] [runtime-status] [18608] Ephemeral server survived. {"metadata":{"emulator":{"name":"functions"},"function":{"name":"api"},"message":"[runtime-status] [18608] Ephemeral server survived."}}
[info] i  functions: Finished "api" in ~1s {"metadata":{"emulator":{"name":"functions"},"function":{"name":"api"},"message":"Finished \"api\" in ~1s"}}
[debug] [2020-09-17T01:49:16.405Z] [worker-api-9d01ef07-71e9-44f1-b479-fe93c1e23063]: IDLE {"metadata":{"emulator":{"name":"functions"},"message":"[worker-api-9d01ef07-71e9-44f1-b479-fe93c1e23063]: IDLE"}}
[debug] [2020-09-17T01:49:16.405Z] [work-queue] {"queueLength":0,"workRunningCount":1}
[warn] !  functions: Your function timed out after ~60s. To configure this timeout, see
      https://firebase.google.com/docs/functions/manage-functions#set_timeout_and_memory_allocation. {"metadata":{"emulator":{"name":"functions"},"function":{"name":"api"},"message":"Your function timed out after ~60s. To configure this timeout, see\n      https://firebase.google.com/docs/functions/manage-functions#set_timeout_and_memory_allocation."}}
[info] >  C:\Users\gtech\AppData\Roaming\npm\node_modules\firebase-tools\lib\emulator\functionsEmulatorRuntime.js:642 {"user":"C:\\Users\\gtech\\AppData\\Roaming\\npm\\node_modules\\firebase-tools\\lib\\emulator\\functionsEmulatorRuntime.js:642\r","metadata":{"emulator":{"name":"functions"},"function":{"name":"api"},"message":"\u001b[90m> \u001b[39m C:\\Users\\gtech\\AppData\\Roaming\\npm\\node_modules\\firebase-tools\\lib\\emulator\\functionsEmulatorRuntime.js:642\r"}}
[info] >                  throw new Error("Function timed out."); {"user":"                throw new Error(\"Function timed out.\");\r","metadata":{"emulator":{"name":"functions"},"function":{"name":"api"},"message":"\u001b[90m> \u001b[39m                 throw new Error(\"Function timed out.\");\r"}}
[info] >                  ^ {"user":"                ^\r","metadata":{"emulator":{"name":"functions"},"function":{"name":"api"},"message":"\u001b[90m> \u001b[39m                 ^\r"}}
[info] >   {"user":"\r","metadata":{"emulator":{"name":"functions"},"function":{"name":"api"},"message":"\u001b[90m> \u001b[39m \r"}}
[info] >  Error: Function timed out. {"user":"Error: Function timed out.\r","metadata":{"emulator":{"name":"functions"},"function":{"name":"api"},"message":"\u001b[90m> \u001b[39m Error: Function timed out.\r"}}
[info] >      at Timeout._onTimeout (C:\Users\gtech\AppData\Roaming\npm\node_modules\firebase-tools\lib\emulator\functionsEmulatorRuntime.js:642:23) {"user":"    at Timeout._onTimeout (C:\\Users\\gtech\\AppData\\Roaming\\npm\\node_modules\\firebase-tools\\lib\\emulator\\functionsEmulatorRuntime.js:642:23)\r","metadata":{"emulator":{"name":"functions"},"function":{"name":"api"},"message":"\u001b[90m> \u001b[39m     at Timeout._onTimeout (C:\\Users\\gtech\\AppData\\Roaming\\npm\\node_modules\\firebase-tools\\lib\\emulator\\functionsEmulatorRuntime.js:642:23)\r"}}
[info] >      at listOnTimeout (internal/timers.js:531:17) {"user":"    at listOnTimeout (internal/timers.js:531:17)\r","metadata":{"emulator":{"name":"functions"},"function":{"name":"api"},"message":"\u001b[90m> \u001b[39m     at listOnTimeout (internal/timers.js:531:17)\r"}}
[info] >      at processTimers (internal/timers.js:475:7) {"user":"    at processTimers (internal/timers.js:475:7)\r","metadata":{"emulator":{"name":"functions"},"function":{"name":"api"},"message":"\u001b[90m> \u001b[39m     at processTimers (internal/timers.js:475:7)\r"}}
[debug] [2020-09-17T01:49:48.255Z] [worker-api-323d92e4-871b-4467-8a83-931d74323c90]: exited {"metadata":{"emulator":{"name":"functions"},"message":"[worker-api-323d92e4-871b-4467-8a83-931d74323c90]: exited"}}
[debug] [2020-09-17T01:49:48.255Z] [worker-api-323d92e4-871b-4467-8a83-931d74323c90]: FINISHED {"metadata":{"emulator":{"name":"functions"},"message":"[worker-api-323d92e4-871b-4467-8a83-931d74323c90]: FINISHED"}}
[debug] [2020-09-17T01:49:48.256Z] [work-queue] {"queueLength":0,"workRunningCount":0}
[debug] [2020-09-17T01:53:20.285Z] [worker-~diagnostic~-123df371-833f-43c5-96aa-df9790085c97]: exited {"metadata":{"emulator":{"name":"functions"},"message":"[worker-~diagnostic~-123df371-833f-43c5-96aa-df9790085c97]: exited"}}
[debug] [2020-09-17T01:53:20.285Z] [worker-~diagnostic~-123df371-833f-43c5-96aa-df9790085c97]: FINISHED {"metadata":{"emulator":{"name":"functions"},"message":"[worker-~diagnostic~-123df371-833f-43c5-96aa-df9790085c97]: FINISHED"}}
[debug] [2020-09-17T01:53:20.286Z] [worker-api-9d01ef07-71e9-44f1-b479-fe93c1e23063]: exited {"metadata":{"emulator":{"name":"functions"},"message":"[worker-api-9d01ef07-71e9-44f1-b479-fe93c1e23063]: exited"}}
[debug] [2020-09-17T01:53:20.286Z] [worker-api-9d01ef07-71e9-44f1-b479-fe93c1e23063]: FINISHED {"metadata":{"emulator":{"name":"functions"},"message":"[worker-api-9d01ef07-71e9-44f1-b479-fe93c1e23063]: FINISHED"}}
[debug] [2020-09-17T01:53:20.400Z] Received signal SIGHUP 1
